[debug] [2022-11-15T12:29:18.948Z] ----------------------------------------------------------------------
[debug] [2022-11-15T12:29:18.950Z] Command:       C:\Program Files\nodejs\node.exe C:\Users\Arhum\AppData\Roaming\npm\node_modules\firebase-tools\lib\bin\firebase.js init
[debug] [2022-11-15T12:29:18.950Z] CLI Version:   11.16.0
[debug] [2022-11-15T12:29:18.950Z] Platform:      win32
[debug] [2022-11-15T12:29:18.950Z] Node Version:  v18.12.1
[debug] [2022-11-15T12:29:18.951Z] Time:          Tue Nov 15 2022 17:59:18 GMT+0530 (India Standard Time)
[debug] [2022-11-15T12:29:18.951Z] ----------------------------------------------------------------------
[debug] 
[debug] [2022-11-15T12:29:18.954Z] >>> [apiv2][query] GET https://firebase-public.firebaseio.com/cli.json [none]
[debug] [2022-11-15T12:29:18.985Z] > command requires scopes: ["email","openid","https://www.googleapis.com/auth/cloudplatformprojects.readonly","https://www.googleapis.com/auth/firebase","https://www.googleapis.com/auth/cloud-platform"]
[debug] [2022-11-15T12:29:18.986Z] > authorizing via signed-in user (arhum602@gmail.com)
[info] 
     ######## #### ########  ######## ########     ###     ######  ########
     ##        ##  ##     ## ##       ##     ##  ##   ##  ##       ##
     ######    ##  ########  ######   ########  #########  ######  ######
     ##        ##  ##    ##  ##       ##     ## ##     ##       ## ##
     ##       #### ##     ## ######## ########  ##     ##  ######  ########

You're about to initialize a Firebase project in this directory:

  C:\Users\Arhum\Downloads\banter

[debug] [2022-11-15T12:29:19.620Z] <<< [apiv2][status] GET https://firebase-public.firebaseio.com/cli.json 200
[debug] [2022-11-15T12:29:19.620Z] <<< [apiv2][body] GET https://firebase-public.firebaseio.com/cli.json {"cloudBuildErrorAfter":1594252800000,"cloudBuildWarnAfter":1590019200000,"defaultNode10After":1594252800000,"minVersion":"3.0.5","node8DeploysDisabledAfter":1613390400000,"node8RuntimeDisabledAfter":1615809600000,"node8WarnAfter":1600128000000}
